<?xml version="1.0" encoding="UTF-8"?>
<!-- Generated by org.testng.reporters.JUnitReportReporter -->
<testsuite hostname="DESKTOP-VV8C2GO" failures="0" tests="3" name="com.comcast.crm.orgtest.CreateOrganizationTest" time="109.416" errors="0" timestamp="2024-06-15T11:23:11 IST" skipped="0">
  <testcase classname="com.comcast.crm.orgtest.CreateOrganizationTest" name="createOrgWithPhoneNumberTest" time="38.410"/>
  <testcase classname="com.comcast.crm.orgtest.CreateOrganizationTest" name="createOrgTest" time="37.091"/>
  <testcase classname="com.comcast.crm.orgtest.CreateOrganizationTest" name="createOrgWithIndTest" time="33.915"/>
</testsuite> <!-- com.comcast.crm.orgtest.CreateOrganizationTest -->
