<?xml version="1.0" encoding="UTF-8"?>
<!-- Generated by org.testng.reporters.JUnitReportReporter -->
<testsuite hostname="DESKTOP-VV8C2GO" failures="0" tests="1" name="com.comcast.crm.contacttest.CreateContactWithSupportDateTest" time="48.010" errors="0" timestamp="2024-06-12T18:03:56 IST" skipped="0">
  <testcase classname="com.comcast.crm.contacttest.CreateContactWithSupportDateTest" name="createContactWithSupportDateTest" time="48.010"/>
</testsuite> <!-- com.comcast.crm.contacttest.CreateContactWithSupportDateTest -->
