<?xml version="1.0" encoding="UTF-8"?>
<!-- Generated by org.testng.reporters.JUnitReportReporter -->
<testsuite hostname="DESKTOP-VV8C2GO" failures="0" tests="1" name="com.comcast.crm.contacttest.CreateContactTest" time="46.680" errors="0" timestamp="2024-06-21T11:09:07 IST" skipped="0">
  <testcase classname="com.comcast.crm.contacttest.CreateContactTest" name="createContactTest" time="46.680"/>
  <system-out/>
</testsuite> <!-- com.comcast.crm.contacttest.CreateContactTest -->
