<?xml version="1.0" encoding="UTF-8"?>
<!-- Generated by org.testng.reporters.JUnitReportReporter -->
<testsuite hostname="DESKTOP-VV8C2GO" failures="0" tests="1" name="com.comcast.crm.contacttest.CreateContactWithOrgTest" time="67.001" errors="0" timestamp="2024-06-12T18:01:44 IST" skipped="0">
  <testcase classname="com.comcast.crm.contacttest.CreateContactWithOrgTest" name="createContactWithOrgTest" time="67.001"/>
</testsuite> <!-- com.comcast.crm.contacttest.CreateContactWithOrgTest -->
