<?xml version="1.0" encoding="UTF-8"?>
<!-- Generated by org.testng.reporters.JUnitReportReporter -->
<testsuite hostname="DESKTOP-VV8C2GO" failures="0" tests="3" name="com.comcast.crm.contacttest.CreateContactTest" time="126.398" errors="0" timestamp="2024-06-15T11:33:37 IST" skipped="0">
  <testcase classname="com.comcast.crm.contacttest.CreateContactTest" name="createContactWithSupportDateTest" time="33.698"/>
  <testcase classname="com.comcast.crm.contacttest.CreateContactTest" name="createContactTest" time="34.754"/>
  <testcase classname="com.comcast.crm.contacttest.CreateContactTest" name="createContactWithOrgTest" time="57.946"/>
</testsuite> <!-- com.comcast.crm.contacttest.CreateContactTest -->
