<?xml version="1.0" encoding="UTF-8"?>
<!-- Generated by org.testng.reporters.JUnitReportReporter -->
<testsuite hostname="DESKTOP-VV8C2GO" failures="0" tests="1" name="com.comcast.crm.orgtest.CreateOrganizationWithIndustriesTest" time="49.137" errors="0" timestamp="2024-06-12T15:50:16 IST" skipped="0">
  <testcase classname="com.comcast.crm.orgtest.CreateOrganizationWithIndustriesTest" name="createOrgWithIndTest" time="49.137"/>
</testsuite> <!-- com.comcast.crm.orgtest.CreateOrganizationWithIndustriesTest -->
